<?xml version="1.0" encoding="utf-8" standalone="no"?>
<!--This file represents the results of running a test suite-->
<test-results name="D:\Moje dokumenty\Baza informacji\studia - 6 - bazy danych II\Szpif\Src\BusinessLogic.Tests\bin\Debug\BusinessLogic.Tests.dll" total="1" failures="0" not-run="0" date="2009-03-06" time="20:39:41">
  <environment nunit-version="2.4.7.0" clr-version="2.0.50727.1433" os-version="Microsoft Windows NT 5.1.2600 Dodatek Service Pack 3" platform="Win32NT" cwd="D:\Program Files\Microsoft Visual Studio 9.0\Common7\IDE" machine-name="KOMPUTER-LUCASA" user="Lucas" user-domain="KOMPUTER-LUCASA" />
  <culture-info current-culture="pl-PL" current-uiculture="pl-PL" />
  <test-suite name="D:\Moje dokumenty\Baza informacji\studia - 6 - bazy danych II\Szpif\Src\BusinessLogic.Tests\bin\Debug\BusinessLogic.Tests.dll" success="True" time="0.281" asserts="0">
    <results>
      <test-suite name="BusinessLogic" success="True" time="0.281" asserts="0">
        <results>
          <test-suite name="Tests" success="True" time="0.281" asserts="0">
            <results>
              <test-suite name="EmployeeTest" success="True" time="0.156" asserts="0">
                <results>
                  <test-case name="BusinessLogic.Tests.EmployeeTest.EmployeeConstructorTest" executed="True" success="True" time="0.141" asserts="1" />
                </results>
              </test-suite>
            </results>
          </test-suite>
        </results>
      </test-suite>
    </results>
  </test-suite>
</test-results>